Null access .w
BUILD: 2023-02-24-09-44-38--hldx-64
EXCEPTION:

Called from aleiiioa.systems.renderer.SpriteExtensionFx.collideDebug (aleiiioa/systems/renderer/SpriteExtensionFx.hx line 57)
Called from aleiiioa.systems.renderer.SpriteExtensionFx.__update__ (echoes/core/macro/SystemBuilder.hx line 243)
Called from echoes.$Workflow.postUpdate (echoes/Workflow.hx line 104)
Called from aleiiioa.Aleiiioa.postUpdate (aleiiioa/Aleiiioa.hx line 124)
Called from dn.$Process.updateAll (dn/Process.hx line 672)
Called from Boot.update (Boot.hx line 62)
Called from Boot.update (Boot.hx line 58)
CALL:

Called from $App.onCrash (App.hx line 59)
Called from $App.onCrash (App.hx line 53)
Called from Boot.update (Boot.hx line 69)
Called from hxd.App.mainLoop (hxd/App.hx line 193)
Called from hxd.$System.mainLoop (hxd/System.hl.hx line 76)
Called from hxd.$System.runMainLoop (hxd/System.hl.hx line 158)
Called from hxd.$System.runMainLoop (hxd/System.hl.hx line 142)
Called from haxe.$Timer.~delay.0 (C:\HaxeToolkit\haxe\std/haxe/Timer.hx line 144)
Called from haxe.$Timer.~__constructor__.0 (C:\HaxeToolkit\haxe\std/haxe/Timer.hx line 76)
Called from sys.thread.EventLoop.loop (C:\HaxeToolkit\haxe\std/sys/thread/EventLoop.hx line 177)
Called from sys.thread._Thread.$Thread_Impl_.processEvents (C:\HaxeToolkit\haxe\std/hl/_std/sys/thread/Thread.hx line 62)